This is XeTeX, Version 3.141592653-2.6-0.999995 (TeX Live 2023/Debian) (preloaded format=xelatex 2025.5.29)  29 MAY 2025 13:41
entering extended mode
 restricted \write18 enabled.
 %&-line parsing enabled.
**order_57.tex
(./order_57.tex
LaTeX2e <2023-11-01> patch level 1
L3 programming layer <2024-01-22>
(/usr/share/texlive/texmf-dist/tex/latex/base/article.cls
Document Class: article 2023/05/17 v1.4n Standard LaTeX document class
(/usr/share/texlive/texmf-dist/tex/latex/base/size12.clo
File: size12.clo 2023/05/17 v1.4n Standard LaTeX file (size option)
)
\c@part=\count183
\c@section=\count184
\c@subsection=\count185
\c@subsubsection=\count186
\c@paragraph=\count187
\c@subparagraph=\count188
\c@figure=\count189
\c@table=\count190
\abovecaptionskip=\skip48
\belowcaptionskip=\skip49
\bibindent=\dimen140
)
(/usr/share/texlive/texmf-dist/tex/xelatex/xepersian/xepersian.sty
Package: xepersian 2023/08/30 v25.0 (Release Women, Life, and Freedom) Persian 
typesetting in XeLaTeX

(/usr/share/texlive/texmf-dist/tex/latex/fontspec/fontspec.sty
(/usr/share/texlive/texmf-dist/tex/latex/l3packages/xparse/xparse.sty
(/usr/share/texlive/texmf-dist/tex/latex/l3kernel/expl3.sty
Package: expl3 2024-01-22 L3 programming layer (loader) 

(/usr/share/texlive/texmf-dist/tex/latex/l3backend/l3backend-xetex.def
File: l3backend-xetex.def 2024-01-04 L3 backend support: XeTeX
\g__graphics_track_int=\count191
\l__pdf_internal_box=\box51
\g__pdf_backend_object_int=\count192
\g__pdf_backend_annotation_int=\count193
\g__pdf_backend_link_int=\count194
))
Package: xparse 2023-10-10 L3 Experimental document command parser
)
Package: fontspec 2022/01/15 v2.8a Font selection for XeLaTeX and LuaLaTeX

(/usr/share/texlive/texmf-dist/tex/latex/fontspec/fontspec-xetex.sty
Package: fontspec-xetex 2022/01/15 v2.8a Font selection for XeLaTeX and LuaLaTe
X
\l__fontspec_script_int=\count195
\l__fontspec_language_int=\count196
\l__fontspec_strnum_int=\count197
\l__fontspec_tmp_int=\count198
\l__fontspec_tmpa_int=\count199
\l__fontspec_tmpb_int=\count266
\l__fontspec_tmpc_int=\count267
\l__fontspec_em_int=\count268
\l__fontspec_emdef_int=\count269
\l__fontspec_strong_int=\count270
\l__fontspec_strongdef_int=\count271
\l__fontspec_tmpa_dim=\dimen141
\l__fontspec_tmpb_dim=\dimen142
\l__fontspec_tmpc_dim=\dimen143

(/usr/share/texlive/texmf-dist/tex/latex/base/fontenc.sty
Package: fontenc 2021/04/29 v2.0v Standard LaTeX package
)
(/usr/share/texlive/texmf-dist/tex/latex/fontspec/fontspec.cfg)))
(/usr/share/texlive/texmf-dist/tex/xelatex/xepersian/xepersian-persiancal.sty
Package: xepersian-persiancal 2012/07/25 v0.2 provides Persian calendar
\XePersian@i=\count272
\XePersian@y=\count273
\XePersian@m=\count274
\XePersian@d=\count275
\XePersian@latini=\count276
\XePersian@persiani=\count277
\XePersian@latinii=\count278
\XePersian@persianii=\count279
\XePersian@latiniii=\count280
\XePersian@persianiii=\count281
\XePersian@latiniv=\count282
\XePersian@persianiv=\count283
\XePersian@latinv=\count284
\XePersian@persianv=\count285
\XePersian@latinvi=\count286
\XePersian@persianvi=\count287
\XePersian@latinvii=\count288
\XePersian@persianvii=\count289
\XePersian@latinviii=\count290
\XePersian@persianviii=\count291
\XePersian@latinix=\count292
\XePersian@persianix=\count293
\XePersian@latinx=\count294
\XePersian@persianx=\count295
\XePersian@latinxi=\count296
\XePersian@persianxi=\count297
\XePersian@latinxii=\count298
\XePersian@persianxii=\count299
\XePersian@persianxiii=\count300
\XePersian@temp=\count301
\XePersian@temptwo=\count302
\XePersian@tempthree=\count303
\XePersian@yModHundred=\count304
\XePersian@thirtytwo=\count305
\XePersian@dn=\count306
\XePersian@sn=\count307
\XePersian@mminusone=\count308
)
(/usr/share/texlive/texmf-dist/tex/xelatex/xepersian/xepersian-mathdigitspec.st
y
Package: xepersian-mathdigitspec 2022/05/20 v1.2.0 Unicode Persian math digits 
in XeLaTeX
) (/usr/share/texlive/texmf-dist/tex/xelatex/bidi/bidi.sty
Package: bidi 2023/08/02 v39.8 (Release Donald Ervin Knuth) Bidirectional types
etting in plain TeX and LaTeX

****************************************************
* 
* bidi package (Bidirectional typesetting in
* plain TeX and LaTeX, using XeTeX engine)
* 
* Description: A convenient interface for
* typesetting bidirectional texts in plain TeX
* and LaTeX. The package includes adaptations
* for use with many other commonly-used packages.
* 
* Copyright (c) 2007--2023 Vafa Khalighi
* Copyright (c) 2018--2020 bidi-tex GitHub organization
* 
* v39.8 (Release Donald Ervin Knuth), 2023/08/02
* 
* License: LaTeX Project Public License, version
* 1.3c or higher (your choice)
* 
* Location on CTAN: /macros/xetex/latex/bidi
* 
* Issue tracker: https://github.com/kvafa/bidi/issues
* 
* Discussions: https://github.com/kvafa/bidi/discussions
* 
* Primary author of bidi package: Vafa Khalighi.
* 
****************************************************
(/usr/share/texlive/texmf-dist/tex/generic/iftex/iftex.sty
Package: iftex 2022/02/03 v1.0f TeX engine tests
)
(/usr/share/texlive/texmf-dist/tex/xelatex/bidi/biditools.sty
Package: biditools 2022/06/15 v2.3 Programming tools for bidi package
\@bidi@envbody=\toks17
\@bidi@emptytoks=\toks18
\bidi@poscount=\count309
\bidi@tempcountb=\count310
\bidi@temptoksa=\toks19
\bidi@temptoksb=\toks20
\bidi@dummies=\count311
\bidi@are@these@correct=\toks21
\bidi@toks@lista=\toks22
\bidi@toks@listb=\toks23
\bidi@stack@length=\count312
\bidi@empty@stack=\toks24
\bidi@looprepeat@depth=\count313
)
(/usr/share/texlive/texmf-dist/tex/latex/zref/zref-abspage.sty
Package: zref-abspage 2023-09-14 v2.35 Module abspage for zref (HO)

(/usr/share/texlive/texmf-dist/tex/latex/zref/zref-base.sty
Package: zref-base 2023-09-14 v2.35 Module base for zref (HO)

(/usr/share/texlive/texmf-dist/tex/generic/ltxcmds/ltxcmds.sty
Package: ltxcmds 2023-12-04 v1.26 LaTeX kernel commands for general use (HO)
)
(/usr/share/texlive/texmf-dist/tex/generic/infwarerr/infwarerr.sty
Package: infwarerr 2019/12/03 v1.5 Providing info/warning/error messages (HO)
)
(/usr/share/texlive/texmf-dist/tex/latex/kvsetkeys/kvsetkeys.sty
Package: kvsetkeys 2022-10-05 v1.19 Key value parser (HO)
)
(/usr/share/texlive/texmf-dist/tex/generic/kvdefinekeys/kvdefinekeys.sty
Package: kvdefinekeys 2019-12-19 v1.6 Define keys (HO)
)
(/usr/share/texlive/texmf-dist/tex/generic/pdftexcmds/pdftexcmds.sty
Package: pdftexcmds 2020-06-27 v0.33 Utility functions of pdfTeX for LuaTeX (HO
)
Package pdftexcmds Info: \pdf@primitive is available.
Package pdftexcmds Info: \pdf@ifprimitive is available.
Package pdftexcmds Info: \pdfdraftmode not found.
)
(/usr/share/texlive/texmf-dist/tex/generic/etexcmds/etexcmds.sty
Package: etexcmds 2019/12/15 v1.7 Avoid name clashes with e-TeX commands (HO)
)
(/usr/share/texlive/texmf-dist/tex/latex/auxhook/auxhook.sty
Package: auxhook 2019-12-17 v1.6 Hooks for auxiliary files (HO)
)
Package zref Info: New property list: main on input line 767.
Package zref Info: New property: default on input line 768.
Package zref Info: New property: page on input line 769.
)
\c@abspage=\count314
Package zref Info: New property: abspage on input line 67.
)
(/usr/share/texlive/texmf-dist/tex/latex/xkeyval/xkeyval.sty
Package: xkeyval 2022/06/16 v2.9 package option processing (HA)

(/usr/share/texlive/texmf-dist/tex/generic/xkeyval/xkeyval.tex
(/usr/share/texlive/texmf-dist/tex/generic/xkeyval/xkvutils.tex
\XKV@toks=\toks25
\XKV@tempa@toks=\toks26

(/usr/share/texlive/texmf-dist/tex/generic/xkeyval/keyval.tex))
\XKV@depth=\count315
File: xkeyval.tex 2014/12/03 v2.7a key=value parser (HA)
))
\@bidi@copyins@=\insert252

(/usr/share/texlive/texmf-dist/tex/xelatex/bidi/latex-xetex-bidi.def
File: latex-xetex-bidi.def 2022/07/04 v1.4.9 bidi adaptations for `latex.ltx' f
or XeTeX engine
\bidi@n@everypar=\toks27
\bidi@column@check@number=\count316

(/usr/share/texlive/texmf-dist/tex/xelatex/bidi/footnote-xetex-bidi.def
File: footnote-xetex-bidi.def 2023/01/18 v1.2 bidi footnote macros for XeTeX en
gine
\c@footdir@label=\count317
\footdir@toks=\toks28
)
(/usr/share/texlive/texmf-dist/tex/xelatex/bidi/article-xetex-bidi.def
File: article-xetex-bidi.def 2017/06/09 v0.6 bidi adaptations for standard arti
cle class for XeTeX engine
))
(/usr/share/texlive/texmf-dist/tex/xelatex/bidi/loadingorder-xetex-bidi.def
File: loadingorder-xetex-bidi.def 2017/12/29 v0.97 making sure that bidi is the
 last package loaded
)
\bidi@digits=\count318
\bidi@digits@charclass=\XeTeXcharclass1
\bidi@sepmark@charclass=\XeTeXcharclass2
)
****************************************************
* 
* xepersian package (Persian for LaTeX, using XeTeX engine)
* 
* Description: The package supports Persian
* typesetting, using fonts provided in the
* distribution.
* 
* Copyright (c) 2008--2023 Vafa Khalighi
* Copyright (c) 2018--2020 bidi-tex GitHub Organization
* 
* v25.0 (Release Women, Life, and Freedom), 2023/08/30
* 
* License: LaTeX Project Public License, version
* 1.3c or higher (your choice)
* 
* Location on CTAN: /macros/xetex/latex/xepersian
* 
* Issue tracker: https://github.com/kvafa/xepersian/issues
* 
* Discussions: https://github.com/kvafa/xepersian/discussions
* 
* Primary author of xepersian package: Vafa Khalighi.
* 
****************************************************
\xepersian@tcl=\count319
\xepersian@ilg=\dimen144
\xepersian@strutilg=\dimen145

(/usr/share/texlive/texmf-dist/tex/xelatex/xepersian/loadingorder-xepersian.def
File: loadingorder-xepersian.def 2018/09/29 v0.5 making sure that xepersian is 
the last package loaded
) (/usr/share/texlive/texmf-dist/tex/xelatex/xepersian/footnote-xepersian.def
File: footnote-xepersian.def 2017/08/09 v0.6 footnote macros for xepersian pack
age
)
(/usr/share/texlive/texmf-dist/tex/xelatex/xepersian/article-xepersian.def
File: article-xepersian.def 2010/07/25 v0.2 adaptations for standard article cl
ass
)

Package fontspec Info: Font family 'lmroman10-regular(0)' created for font
(fontspec)             'lmroman10-regular' with options
(fontspec)             [Ligatures=TeX,Path,BoldFont={lmroman10-bold},BoldItalic
Font={lmroman10-bolditalic},ItalicFont={lmroman10-italic},SmallCapsFont={lmroma
ncaps10-regular},SlantedFont={lmromanslant10-regular},BoldSlantedFont={lmromans
lant10-bold}].
(fontspec)              
(fontspec)              This font family consists of the following NFSS
(fontspec)             series/shapes:
(fontspec)              
(fontspec)             - 'normal' (m/n) with NFSS spec.:
(fontspec)             <->"[lmroman10-regular]/OT:script=latn;language=dflt;map
ping=tex-text;"
(fontspec)             - 'small caps'  (m/sc) with NFSS spec.:
(fontspec)             <->"[lmromancaps10-regular]/OT:script=latn;language=dflt
;mapping=tex-text;"
(fontspec)             - 'bold' (b/n) with NFSS spec.:
(fontspec)             <->"[lmroman10-bold]/OT:script=latn;language=dflt;mappin
g=tex-text;"
(fontspec)             - 'bold small caps'  (b/sc) with NFSS spec.:
(fontspec)             <->"[lmromancaps10-regular]/OT:script=latn;language=dflt
;mapping=tex-text;"
(fontspec)             - 'italic' (m/it) with NFSS spec.:
(fontspec)             <->"[lmroman10-italic]/OT:script=latn;language=dflt;mapp
ing=tex-text;"
(fontspec)             - 'italic small caps'  (m/scit) with NFSS spec.:
(fontspec)             <->"[lmromancaps10-regular]/OT:script=latn;language=dflt
;mapping=tex-text;"
(fontspec)             - 'slanted' (m/sl) with NFSS spec.:
(fontspec)             <->"[lmromanslant10-regular]/OT:script=latn;language=dfl
t;mapping=tex-text;"
(fontspec)             - 'slanted small caps'  (m/scsl) with NFSS spec.:
(fontspec)             <->"[lmromancaps10-regular]/OT:script=latn;language=dflt
;mapping=tex-text;"
(fontspec)             - 'bold italic' (b/it) with NFSS spec.:
(fontspec)             <->"[lmroman10-bolditalic]/OT:script=latn;language=dflt;
mapping=tex-text;"
(fontspec)             - 'bold italic small caps'  (b/scit) with NFSS spec.:
(fontspec)             <->"[lmromancaps10-regular]/OT:script=latn;language=dflt
;mapping=tex-text;"
(fontspec)             - 'bold slanted' (b/sl) with NFSS spec.:
(fontspec)             <->"[lmromanslant10-bold]/OT:script=latn;language=dflt;m
apping=tex-text;"
(fontspec)             - 'bold slanted small caps'  (b/scsl) with NFSS spec.:
(fontspec)             <->"[lmromancaps10-regular]/OT:script=latn;language=dflt
;mapping=tex-text;"

)

! Package fontspec Error: The font "XB Nika" cannot be found.

For immediate help type H <return>.
 ...                                              
                                                  
l.5         \usepackage
                       {geometry}
? 

Package fontspec Info: Could not resolve font "XB Nika/BI" (it probably
(fontspec)             doesn't exist).


Package fontspec Info: Could not resolve font "XB Nika/B" (it probably doesn't
(fontspec)             exist).


Package fontspec Info: Could not resolve font "XB Nika/I" (it probably doesn't
(fontspec)             exist).


! Package fontspec Error: The font "XB Nika" cannot be found.

For immediate help type H <return>.
 ...                                              
                                                  
l.5         \usepackage
                       {geometry}
? 

! Package fontspec Error: The font "XB Nika" cannot be found.

For immediate help type H <return>.
 ...                                              
                                                  
l.5         \usepackage
                       {geometry}
? 

Package fontspec Info: Font family 'XBNika(0)' created for font 'XB Nika' with
(fontspec)             options
(fontspec)             [RawFeature={script=arab},Ligatures=PersianTeX].
(fontspec)              
(fontspec)              This font family consists of the following NFSS
(fontspec)             series/shapes:
(fontspec)              
(fontspec)             - 'normal' (m/n) with NFSS spec.: <->"XB Nika"
(fontspec)             - 'small caps'  (m/sc) with NFSS spec.: <->"XB Nika"

! Font TU/XBNika(0)/m/n/12="XB Nika" at 12.0pt not loadable: Metric (TFM) file 
or installed font not found.
<to be read again> 
                   relax 
l.5         \usepackage
                       {geometry}
? 
(/usr/share/texlive/texmf-dist/tex/latex/geometry/geometry.sty
Package: geometry 2020/01/02 v5.9 Page Geometry

(/usr/share/texlive/texmf-dist/tex/generic/iftex/ifvtex.sty
Package: ifvtex 2019/10/25 v1.7 ifvtex legacy package. Use iftex instead.
)
\Gm@cnth=\count320
\Gm@cntv=\count321
\c@Gm@tempcnt=\count322
\Gm@bindingoffset=\dimen146
\Gm@wd@mp=\dimen147
\Gm@odd@mp=\dimen148
\Gm@even@mp=\dimen149
\Gm@layoutwidth=\dimen150
\Gm@layoutheight=\dimen151
\Gm@layouthoffset=\dimen152
\Gm@layoutvoffset=\dimen153
\Gm@dimlist=\toks29
)
(/usr/share/texlive/texmf-dist/tex/latex/tools/longtable.sty
Package: longtable 2023-11-01 v4.19 Multi-page Table package (DPC)
\LTleft=\skip50
\LTright=\skip51
\LTpre=\skip52
\LTpost=\skip53
\LTchunksize=\count323
\LTcapwidth=\dimen154
\LT@head=\box52
\LT@firsthead=\box53
\LT@foot=\box54
\LT@lastfoot=\box55
\LT@gbox=\box56
\LT@cols=\count324
\LT@rows=\count325
\c@LT@tables=\count326
\c@LT@chunks=\count327
\LT@p@ftn=\toks30
)
(/usr/share/texlive/texmf-dist/tex/latex/setspace/setspace.sty
Package: setspace 2022/12/04 v6.7b set line spacing
) (./order_57.aux)
\openout1 = `order_57.aux'.

LaTeX Font Info:    Checking defaults for OML/cmm/m/it on input line 10.
LaTeX Font Info:    ... okay on input line 10.
LaTeX Font Info:    Checking defaults for OMS/cmsy/m/n on input line 10.
LaTeX Font Info:    ... okay on input line 10.
LaTeX Font Info:    Checking defaults for OT1/cmr/m/n on input line 10.
LaTeX Font Info:    ... okay on input line 10.
LaTeX Font Info:    Checking defaults for T1/cmr/m/n on input line 10.
LaTeX Font Info:    ... okay on input line 10.
LaTeX Font Info:    Checking defaults for TS1/cmr/m/n on input line 10.
LaTeX Font Info:    Trying to load font information for TS1+cmr on input line 1
0.
 (/usr/share/texlive/texmf-dist/tex/latex/base/ts1cmr.fd
File: ts1cmr.fd 2023/04/13 v2.5m Standard LaTeX font definitions
)
LaTeX Font Info:    ... okay on input line 10.
LaTeX Font Info:    Checking defaults for TU/lmr/m/n on input line 10.
LaTeX Font Info:    ... okay on input line 10.
LaTeX Font Info:    Checking defaults for OMX/cmex/m/n on input line 10.
LaTeX Font Info:    ... okay on input line 10.
LaTeX Font Info:    Checking defaults for U/cmr/m/n on input line 10.
LaTeX Font Info:    ... okay on input line 10.


! Package bidi Error: Oops! you have loaded package geometry after bidi package
. Please load package geometry before bidi package, and then try to run xelatex
 on your document again.

See the bidi package documentation for explanation.
Type  H <return>  for immediate help.
 ...                                              
                                                  
l.10         \begin{document}
                             
? 

! Package bidi Error: Oops! you have loaded package longtable after bidi packag
e. Please load package longtable before bidi package, and then try to run xelat
ex on your document again.

See the bidi package documentation for explanation.
Type  H <return>  for immediate help.
 ...                                              
                                                  
l.10         \begin{document}
                             
? 
*geometry* driver: auto-detecting
*geometry* detected driver: xetex
*geometry* verbose mode - [ preamble ] result:
* driver: xetex
* paper: a4paper
* layout: <same size as paper>
* layoutoffset:(h,v)=(0.0pt,0.0pt)
* modes: 
* h-part:(L,W,R)=(72.26999pt, 452.9679pt, 72.26999pt)
* v-part:(T,H,B)=(72.26999pt, 700.50687pt, 72.26999pt)
* \paperwidth=597.50787pt
* \paperheight=845.04684pt
* \textwidth=452.9679pt
* \textheight=700.50687pt
* \oddsidemargin=0.0pt
* \evensidemargin=0.0pt
* \topmargin=-37.0pt
* \headheight=12.0pt
* \headsep=25.0pt
* \topskip=12.0pt
* \footskip=30.0pt
* \marginparwidth=35.0pt
* \marginparsep=10.0pt
* \columnsep=10.0pt
* \skip\footins=10.8pt plus 4.0pt minus 2.0pt
* \hoffset=0.0pt
* \voffset=0.0pt
* \mag=1000
* \@twocolumnfalse
* \@twosidefalse
* \@mparswitchfalse
* \@reversemarginfalse
* (1in=72.27pt=25.4mm, 1cm=28.453pt)


LaTeX Font Warning: Font shape `TU/XBNika(0)/b/n' undefined
(Font)              using `TU/XBNika(0)/m/n' instead on input line 12.

! Font TU/XBNika(0)/b/n/17.28="XB Nika" at 17.28pt not loadable: Metric (TFM) f
ile or installed font not found.
<to be read again> 
                   relax 
l.12             \textbf{\Large فاکتور سفارش}
                                             
? 
Missing character: There is no ف ("641) in font nullfont!
Missing character: There is no ا ("627) in font nullfont!
Missing character: There is no ک ("6A9) in font nullfont!
Missing character: There is no ت ("62A) in font nullfont!
Missing character: There is no و ("648) in font nullfont!
Missing character: There is no ر ("631) in font nullfont!
Missing character: There is no س ("633) in font nullfont!
Missing character: There is no ف ("641) in font nullfont!
Missing character: There is no ا ("627) in font nullfont!
Missing character: There is no ر ("631) in font nullfont!
Missing character: There is no ش ("634) in font nullfont!
! Font TU/XBNika(0)/b/n/12="XB Nika" at 12.0pt not loadable: Metric (TFM) file 
or installed font not found.
<to be read again> 
                   relax 
l.16             \textbf{ویزیتور:}
                                   Amin \\
? 
Missing character: There is no و ("648) in font nullfont!
Missing character: There is no ی ("6CC) in font nullfont!
Missing character: There is no ز ("632) in font nullfont!
Missing character: There is no ی ("6CC) in font nullfont!
Missing character: There is no ت ("62A) in font nullfont!
Missing character: There is no و ("648) in font nullfont!
Missing character: There is no ر ("631) in font nullfont!
Missing character: There is no : ("3A) in font nullfont!
Missing character: There is no A ("41) in font nullfont!
Missing character: There is no m ("6D) in font nullfont!
Missing character: There is no i ("69) in font nullfont!
Missing character: There is no n ("6E) in font nullfont!
Missing character: There is no م ("645) in font nullfont!
Missing character: There is no ش ("634) in font nullfont!
Missing character: There is no ت ("62A) in font nullfont!
Missing character: There is no ر ("631) in font nullfont!
Missing character: There is no ی ("6CC) in font nullfont!
Missing character: There is no : ("3A) in font nullfont!
Missing character: There is no ت ("62A) in font nullfont!
Missing character: There is no س ("633) in font nullfont!
Missing character: There is no ت ("62A) in font nullfont!
Missing character: There is no 4 ("34) in font nullfont!
Missing character: There is no ت ("62A) in font nullfont!
Missing character: There is no ا ("627) in font nullfont!
Missing character: There is no ر ("631) in font nullfont!
Missing character: There is no ی ("6CC) in font nullfont!
Missing character: There is no خ ("62E) in font nullfont!
Missing character: There is no : ("3A) in font nullfont!
Missing character: There is no 1 ("31) in font nullfont!
Missing character: There is no 4 ("34) in font nullfont!
Missing character: There is no 0 ("30) in font nullfont!
Missing character: There is no 4 ("34) in font nullfont!
Missing character: There is no / ("2F) in font nullfont!
Missing character: There is no 0 ("30) in font nullfont!
Missing character: There is no 3 ("33) in font nullfont!
Missing character: There is no / ("2F) in font nullfont!
Missing character: There is no 0 ("30) in font nullfont!
Missing character: There is no 8 ("38) in font nullfont!
Missing character: There is no 0 ("30) in font nullfont!
Missing character: There is no 9 ("39) in font nullfont!
Missing character: There is no : ("3A) in font nullfont!
Missing character: There is no 4 ("34) in font nullfont!
Missing character: There is no 0 ("30) in font nullfont!
Missing character: There is no ن ("646) in font nullfont!
Missing character: There is no ح ("62D) in font nullfont!
Missing character: There is no و ("648) in font nullfont!
Missing character: There is no ه ("647) in font nullfont!
Missing character: There is no ت ("62A) in font nullfont!
Missing character: There is no س ("633) in font nullfont!
Missing character: There is no و ("648) in font nullfont!
Missing character: There is no ی ("6CC) in font nullfont!
Missing character: There is no ه ("647) in font nullfont!
Missing character: There is no : ("3A) in font nullfont!
Missing character: There is no ن ("646) in font nullfont!
Missing character: There is no ق ("642) in font nullfont!
Missing character: There is no د ("62F) in font nullfont!
Missing character: There is no ی ("6CC) in font nullfont!
Missing character: There is no ر ("631) in font nullfont!
Missing character: There is no د ("62F) in font nullfont!
Missing character: There is no ی ("6CC) in font nullfont!
Missing character: There is no ف ("641) in font nullfont!
Missing character: There is no ک ("6A9) in font nullfont!
Missing character: There is no د ("62F) in font nullfont!
Missing character: There is no ک ("6A9) in font nullfont!
Missing character: There is no ا ("627) in font nullfont!
Missing character: There is no ل ("644) in font nullfont!
Missing character: There is no ا ("627) in font nullfont!
Missing character: There is no ن ("646) in font nullfont!
Missing character: There is no ا ("627) in font nullfont!
Missing character: There is no م ("645) in font nullfont!
Missing character: There is no ک ("6A9) in font nullfont!
Missing character: There is no ا ("627) in font nullfont!
Missing character: There is no ل ("644) in font nullfont!
Missing character: There is no ا ("627) in font nullfont!
Missing character: There is no ت ("62A) in font nullfont!
Missing character: There is no ع ("639) in font nullfont!
Missing character: There is no د ("62F) in font nullfont!
Missing character: There is no ا ("627) in font nullfont!
Missing character: There is no د ("62F) in font nullfont!
Missing character: There is no ق ("642) in font nullfont!
Missing character: There is no ی ("6CC) in font nullfont!
Missing character: There is no م ("645) in font nullfont!
Missing character: There is no ت ("62A) in font nullfont!
Missing character: There is no و ("648) in font nullfont!
Missing character: There is no ا ("627) in font nullfont!
Missing character: There is no ح ("62D) in font nullfont!
Missing character: There is no د ("62F) in font nullfont!
Missing character: There is no ( ("28) in font nullfont!
Missing character: There is no ر ("631) in font nullfont!
Missing character: There is no ی ("6CC) in font nullfont!
Missing character: There is no ا ("627) in font nullfont!
Missing character: There is no ل ("644) in font nullfont!
Missing character: There is no ) ("29) in font nullfont!
Missing character: There is no ج ("62C) in font nullfont!
Missing character: There is no م ("645) in font nullfont!
Missing character: There is no ع ("639) in font nullfont!
Missing character: There is no ( ("28) in font nullfont!
Missing character: There is no ر ("631) in font nullfont!
Missing character: There is no ی ("6CC) in font nullfont!
Missing character: There is no ا ("627) in font nullfont!
Missing character: There is no ل ("644) in font nullfont!
Missing character: There is no ) ("29) in font nullfont!
Missing character: There is no 1 ("31) in font nullfont!
Missing character: There is no 0 ("30) in font nullfont!
Missing character: There is no 0 ("30) in font nullfont!
Missing character: There is no 2 ("32) in font nullfont!
Missing character: There is no 0 ("30) in font nullfont!
Missing character: There is no 2 ("32) in font nullfont!
Missing character: There is no 0 ("30) in font nullfont!
Missing character: There is no 0 ("30) in font nullfont!
Missing character: There is no 9 ("39) in font nullfont!
Missing character: There is no 4 ("34) in font nullfont!
Missing character: There is no 4 ("34) in font nullfont!
Missing character: There is no ن ("646) in font nullfont!
Missing character: There is no ي ("64A) in font nullfont!
Missing character: There is no م ("645) in font nullfont!
Missing character: There is no م ("645) in font nullfont!
Missing character: There is no و ("648) in font nullfont!
Missing character: There is no ت ("62A) in font nullfont!
Missing character: There is no و ("648) in font nullfont!
Missing character: There is no ر ("631) in font nullfont!
Missing character: There is no 4 ("34) in font nullfont!
Missing character: There is no 0 ("30) in font nullfont!
Missing character: There is no 5 ("35) in font nullfont!
Missing character: There is no 1 ("31) in font nullfont!
Missing character: There is no 1 ("31) in font nullfont!
Missing character: There is no 1 ("31) in font nullfont!
Missing character: There is no ج ("62C) in font nullfont!
Missing character: There is no م ("645) in font nullfont!
Missing character: There is no ع ("639) in font nullfont!
Missing character: There is no ک ("6A9) in font nullfont!
Missing character: There is no ل ("644) in font nullfont!
Missing character: There is no ( ("28) in font nullfont!
Missing character: There is no ر ("631) in font nullfont!
Missing character: There is no ی ("6CC) in font nullfont!
Missing character: There is no ا ("627) in font nullfont!
Missing character: There is no ل ("644) in font nullfont!
Missing character: There is no ) ("29) in font nullfont!
Missing character: There is no : ("3A) in font nullfont!
Missing character: There is no 1 ("31) in font nullfont!
Missing character: There is no 1 ("31) in font nullfont!
[1

] (./order_57.aux)
 ***********
LaTeX2e <2023-11-01> patch level 1
L3 programming layer <2024-01-22>
 ***********


LaTeX Font Warning: Some font shapes were not available, defaults substituted.

 ) 
Here is how much of TeX's memory you used:
 6201 strings out of 474878
 160028 string characters out of 5762516
 1920627 words of memory out of 5000000
 28180 multiletter control sequences out of 15000+600000
 558157 words of font info for 47 fonts, out of 8000000 for 9000
 1348 hyphenation exceptions out of 8191
 94i,5n,107p,1048b,249s stack positions out of 10000i,1000n,20000p,200000b,200000s

Output written on order_57.pdf (1 page).
